Determining if the pthread_create exist failed with the following output:
Change Dir: /home/nallam/AuE893Spring20_SaiTeja/AuE893Spring20_SaiTeja/catkin_ws/build/CMakeFiles/CMakeTmp

Run Build Command:"/usr/bin/make" "cmTC_50d67/fast"
/usr/bin/make -f CMakeFiles/cmTC_50d67.dir/build.make CMakeFiles/cmTC_50d67.dir/build
make[1]: Entering directory '/home/nallam/AuE893Spring20_SaiTeja/AuE893Spring20_SaiTeja/catkin_ws/build/CMakeFiles/CMakeTmp'
Building C object CMakeFiles/cmTC_50d67.dir/CheckSymbolExists.c.o
/usr/bin/cc     -o CMakeFiles/cmTC_50d67.dir/CheckSymbolExists.c.o   -c /home/nallam/AuE893Spring20_SaiTeja/AuE893Spring20_SaiTeja/catkin_ws/build/CMakeFiles/CMakeTmp/CheckSymbolExists.c
Linking C executable cmTC_50d67
/usr/bin/cmake -E cmake_link_script CMakeFiles/cmTC_50d67.dir/link.txt --verbose=1
/usr/bin/cc       CMakeFiles/cmTC_50d67.dir/CheckSymbolExists.c.o  -o cmTC_50d67 -rdynamic 
CMakeFiles/cmTC_50d67.dir/CheckSymbolExists.c.o: In function `main':
CheckSymbolExists.c:(.text+0x16): undefined reference to `pthread_create'
collect2: error: ld returned 1 exit status
CMakeFiles/cmTC_50d67.dir/build.make:97: recipe for target 'cmTC_50d67' failed
make[1]: *** [cmTC_50d67] Error 1
make[1]: Leaving directory '/home/nallam/AuE893Spring20_SaiTeja/AuE893Spring20_SaiTeja/catkin_ws/build/CMakeFiles/CMakeTmp'
Makefile:126: recipe for target 'cmTC_50d67/fast' failed
make: *** [cmTC_50d67/fast] Error 2

File /home/nallam/AuE893Spring20_SaiTeja/AuE893Spring20_SaiTeja/catkin_ws/build/CMakeFiles/CMakeTmp/CheckSymbolExists.c:
/* */
#include <pthread.h>

int main(int argc, char** argv)
{
  (void)argv;
#ifndef pthread_create
  return ((int*)(&pthread_create))[argc];
#else
  (void)argc;
  return 0;
#endif
}

Determining if the function pthread_create exists in the pthreads failed with the following output:
Change Dir: /home/nallam/AuE893Spring20_SaiTeja/AuE893Spring20_SaiTeja/catkin_ws/build/CMakeFiles/CMakeTmp

Run Build Command:"/usr/bin/make" "cmTC_5c239/fast"
/usr/bin/make -f CMakeFiles/cmTC_5c239.dir/build.make CMakeFiles/cmTC_5c239.dir/build
make[1]: Entering directory '/home/nallam/AuE893Spring20_SaiTeja/AuE893Spring20_SaiTeja/catkin_ws/build/CMakeFiles/CMakeTmp'
Building C object CMakeFiles/cmTC_5c239.dir/CheckFunctionExists.c.o
/usr/bin/cc    -DCHECK_FUNCTION_EXISTS=pthread_create   -o CMakeFiles/cmTC_5c239.dir/CheckFunctionExists.c.o   -c /usr/share/cmake-3.5/Modules/CheckFunctionExists.c
Linking C executable cmTC_5c239
/usr/bin/cmake -E cmake_link_script CMakeFiles/cmTC_5c239.dir/link.txt --verbose=1
/usr/bin/cc   -DCHECK_FUNCTION_EXISTS=pthread_create    CMakeFiles/cmTC_5c239.dir/CheckFunctionExists.c.o  -o cmTC_5c239 -rdynamic -lpthreads 
/usr/bin/ld: cannot find -lpthreads
collect2: error: ld returned 1 exit status
CMakeFiles/cmTC_5c239.dir/build.make:97: recipe for target 'cmTC_5c239' failed
make[1]: *** [cmTC_5c239] Error 1
make[1]: Leaving directory '/home/nallam/AuE893Spring20_SaiTeja/AuE893Spring20_SaiTeja/catkin_ws/build/CMakeFiles/CMakeTmp'
Makefile:126: recipe for target 'cmTC_5c239/fast' failed
make: *** [cmTC_5c239/fast] Error 2


