Determining if the pthread_create exist failed with the following output:
Change Dir: /home/tigerbot/assignment2_ws/build/CMakeFiles/CMakeTmp

Run Build Command:"/usr/bin/make" "cmTC_9419a/fast"
/usr/bin/make -f CMakeFiles/cmTC_9419a.dir/build.make CMakeFiles/cmTC_9419a.dir/build
make[1]: Entering directory '/home/tigerbot/assignment2_ws/build/CMakeFiles/CMakeTmp'
Building C object CMakeFiles/cmTC_9419a.dir/CheckSymbolExists.c.o
/usr/bin/cc     -o CMakeFiles/cmTC_9419a.dir/CheckSymbolExists.c.o   -c /home/tigerbot/assignment2_ws/build/CMakeFiles/CMakeTmp/CheckSymbolExists.c
Linking C executable cmTC_9419a
/usr/bin/cmake -E cmake_link_script CMakeFiles/cmTC_9419a.dir/link.txt --verbose=1
/usr/bin/cc       CMakeFiles/cmTC_9419a.dir/CheckSymbolExists.c.o  -o cmTC_9419a -rdynamic 
CMakeFiles/cmTC_9419a.dir/CheckSymbolExists.c.o: In function `main':
CheckSymbolExists.c:(.text+0x16): undefined reference to `pthread_create'
collect2: error: ld returned 1 exit status
CMakeFiles/cmTC_9419a.dir/build.make:97: recipe for target 'cmTC_9419a' failed
make[1]: *** [cmTC_9419a] Error 1
make[1]: Leaving directory '/home/tigerbot/assignment2_ws/build/CMakeFiles/CMakeTmp'
Makefile:126: recipe for target 'cmTC_9419a/fast' failed
make: *** [cmTC_9419a/fast] Error 2

File /home/tigerbot/assignment2_ws/build/CMakeFiles/CMakeTmp/CheckSymbolExists.c:
/* */
#include <pthread.h>

int main(int argc, char** argv)
{
  (void)argv;
#ifndef pthread_create
  return ((int*)(&pthread_create))[argc];
#else
  (void)argc;
  return 0;
#endif
}

Determining if the function pthread_create exists in the pthreads failed with the following output:
Change Dir: /home/tigerbot/assignment2_ws/build/CMakeFiles/CMakeTmp

Run Build Command:"/usr/bin/make" "cmTC_8eefe/fast"
/usr/bin/make -f CMakeFiles/cmTC_8eefe.dir/build.make CMakeFiles/cmTC_8eefe.dir/build
make[1]: Entering directory '/home/tigerbot/assignment2_ws/build/CMakeFiles/CMakeTmp'
Building C object CMakeFiles/cmTC_8eefe.dir/CheckFunctionExists.c.o
/usr/bin/cc    -DCHECK_FUNCTION_EXISTS=pthread_create   -o CMakeFiles/cmTC_8eefe.dir/CheckFunctionExists.c.o   -c /usr/share/cmake-3.5/Modules/CheckFunctionExists.c
Linking C executable cmTC_8eefe
/usr/bin/cmake -E cmake_link_script CMakeFiles/cmTC_8eefe.dir/link.txt --verbose=1
/usr/bin/cc   -DCHECK_FUNCTION_EXISTS=pthread_create    CMakeFiles/cmTC_8eefe.dir/CheckFunctionExists.c.o  -o cmTC_8eefe -rdynamic -lpthreads 
/usr/bin/ld: cannot find -lpthreads
collect2: error: ld returned 1 exit status
CMakeFiles/cmTC_8eefe.dir/build.make:97: recipe for target 'cmTC_8eefe' failed
make[1]: *** [cmTC_8eefe] Error 1
make[1]: Leaving directory '/home/tigerbot/assignment2_ws/build/CMakeFiles/CMakeTmp'
Makefile:126: recipe for target 'cmTC_8eefe/fast' failed
make: *** [cmTC_8eefe/fast] Error 2


